<?xml version="1.0" encoding="UTF-8"?>
<testsuite xmlns:xsi="http://www.w3.org/2001/XMLSchema-instance" xsi:schemaLocation="https://maven.apache.org/surefire/maven-surefire-plugin/xsd/surefire-test-report.xsd" name="TestSuite" time="3.366" tests="1" errors="0" skipped="0" failures="0">
  <properties>
    <property name="PROCESSOR_ARCHITECTURE" value="AMD64"/>
    <property name="LOGONSERVER" value="\\LAPTOP-G8GFJBLE"/>
    <property name="native.encoding" value="Cp1252"/>
    <property name="ProgramData" value="C:\ProgramData"/>
    <property name="java.home" value="C:\Program Files\Java\jdk-21"/>
    <property name="NODE_NAME" value="built-in"/>
    <property name="JENKINS_URL" value="http://localhost:8080/"/>
    <property name="ALLUSERSPROFILE" value="C:\ProgramData"/>
    <property name="PSModulePath" value="C:\Program Files\WindowsPowerShell\Modules;C:\WINDOWS\system32\WindowsPowerShell\v1.0\Modules"/>
    <property name="=::" value="::\"/>
    <property name="USERDOMAIN" value="LAPTOP-G8GFJBLE"/>
    <property name="sun.os.patch.level" value=""/>
    <property name="java.vendor.url" value="https://java.oracle.com/"/>
    <property name="CommonProgramFiles(x86)" value="C:\Program Files (x86)\Common Files"/>
    <property name="java.version" value="21.0.1"/>
    <property name="JOB_NAME" value="SeleniumMavenSample"/>
    <property name="COMPUTERNAME" value="LAPTOP-G8GFJBLE"/>
    <property name="java.vendor.url.bug" value="https://bugreport.java.com/bugreport/"/>
    <property name="PUBLIC" value="C:\Users\Public"/>
    <property name="java.version.date" value="2023-10-17"/>
    <property name="jdk.debug" value="release"/>
    <property name="ChocolateyLastPathUpdate" value="133265422743572970"/>
    <property name="user.name" value="Santosh Kumar Mohapa"/>
    <property name="sun.io.unicode.encoding" value="UnicodeLittle"/>
    <property name="sun.jnu.encoding" value="Cp1252"/>
    <property name="java.runtime.name" value="Java(TM) SE Runtime Environment"/>
    <property name="windir" value="C:\WINDOWS"/>
    <property name="PROCESSOR_IDENTIFIER" value="Intel64 Family 6 Model 140 Stepping 2, GenuineIntel"/>
    <property name="java.specification.name" value="Java Platform API Specification"/>
    <property name="LOCALAPPDATA" value="C:\Users\Santosh Kumar Mohapa\AppData\Local"/>
    <property name="RUN_CHANGES_DISPLAY_URL" value="http://localhost:8080/job/SeleniumMavenSample/7/display/redirect?page=changes"/>
    <property name="TRICENTIS_DI_HOME" value="C:\Program Files (x86)\TRICENTIS\Tosca Testsuite\Data Integrity\"/>
    <property name="user.timezone" value="Europe/London"/>
    <property name="user.script" value=""/>
    <property name="path.separator" value=";"/>
    <property name="NUMBER_OF_PROCESSORS" value="8"/>
    <property name="BUILD_TAG" value="jenkins-SeleniumMavenSample-7"/>
    <property name="file.encoding" value="UTF-8"/>
    <property name="sun.java.command" value="jenkins.maven3.agent.Maven35Main C:\Users\Santosh Kumar Mohapa\UKJobSearch\SELENIUM\apache-maven-3.9.6 C:\Users\Santosh Kumar Mohapa\.jenkins\war\WEB-INF\lib\remoting-3131.vf2b_b_798b_ce99.jar C:\Users\Santosh Kumar Mohapa\.jenkins\plugins\maven-plugin\WEB-INF\lib\maven35-interceptor-1.14.jar C:\Users\Santosh Kumar Mohapa\.jenkins\plugins\maven-plugin\WEB-INF\lib\maven3-interceptor-commons-1.14.jar 61603"/>
    <property name="HUDSON_URL" value="http://localhost:8080/"/>
    <property name="JENKINS_SERVER_COOKIE" value="21262f735c01ac7e"/>
    <property name="EXECUTOR_NUMBER" value="1"/>
    <property name="Path" value="C:\Program Files\Java\jdk-21/bin;C:\Program Files\Common Files\Oracle\Java\javapath;C:\Program Files (x86)\Common Files\Oracle\Java\javapath;C:\Program Files (x86)\TRICENTIS\Tosca Testsuite\ToscaCommander;;C:\WINDOWS\system32;C:\WINDOWS;C:\WINDOWS\System32\Wbem;C:\WINDOWS\System32\WindowsPowerShell\v1.0\;C:\WINDOWS\System32\OpenSSH\;C:\Program Files\nodejs\;C:\Program Files\Git\cmd;C:\Program Files\Docker\Docker\resources\bin;C:\ProgramData\chocolatey\bin;C:\Concourse\;C:\Program Files\dotnet\;C:\Users\Santosh Kumar Mohapa\AppData\Local\Programs\Python\Python311\Scripts\;C:\Users\Santosh Kumar Mohapa\AppData\Local\Programs\Python\Python311\;C:\Users\Santosh Kumar Mohapa\AppData\Local\Programs\Python\Python310;C:\Users\Santosh Kumar Mohapa\AppData\Local\Programs\Microsoft VS Code\bin;C:\Users\Santosh Kumar Mohapa\AppData\Roaming\npm;C:\Concourse\;C:\Program Files\JetBrains\PyCharm Community Edition 2023.1.4\bin;;C:\Users\Santosh Kumar Mohapa\AppData\Local\Microsoft\WindowsApps;C:\terraform;C:\Users\Santosh Kumar Mohapa\UKJobSearch\SELENIUM\apache-maven-3.9.6\bin;C:\Program Files\Java\jdk-21\bin;"/>
    <property name="TRICENTIS_DEX_AGENT_HOME" value="C:\Program Files (x86)\TRICENTIS\Tosca Testsuite\DistributedExecution\"/>
    <property name="java.io.tmpdir" value="C:\Users\SANTOS~1\AppData\Local\Temp\"/>
    <property name="APPDATA" value="C:\Users\Santosh Kumar Mohapa\AppData\Roaming"/>
    <property name="user.language" value="en"/>
    <property name="TBOX_HOME" value="C:\Program Files (x86)\TRICENTIS\Tosca Testsuite\TBox\"/>
    <property name="line.separator" value="&#10;"/>
    <property name="stderr.encoding" value="Cp1252"/>
    <property name="BUILD_URL" value="http://localhost:8080/job/SeleniumMavenSample/7/"/>
    <property name="M2_HOME" value="C:\Users\Santosh Kumar Mohapa\UKJobSearch\SELENIUM\apache-maven-3.9.6"/>
    <property name="TRICENTIS_SEARCH" value="C:\Program Files (x86)\TRICENTIS\Tosca Testsuite\ToscaCommander;"/>
    <property name="=C:" value="C:\Users\Santosh Kumar Mohapa\UKJobSearch\SELENIUM"/>
    <property name="java.vm.info" value="mixed mode, sharing"/>
    <property name="ZES_ENABLE_SYSMAN" value="1"/>
    <property name="DriverData" value="C:\Windows\System32\Drivers\DriverData"/>
    <property name="java.vm.specification.name" value="Java Virtual Machine Specification"/>
    <property name="CI" value="true"/>
    <property name="BUILD_DISPLAY_NAME" value="#7"/>
    <property name="OS" value="Windows_NT"/>
    <property name="guice.disable.misplaced.annotation.check" value="true"/>
    <property name="HUDSON_SERVER_COOKIE" value="21262f735c01ac7e"/>
    <property name="WORKSPACE_TMP" value="C:\Users\Santosh Kumar Mohapa\.jenkins\workspace\SeleniumMavenSample@tmp"/>
    <property name="MAVEN_HOME" value="C:\Users\Santosh Kumar Mohapa\UKJobSearch\SELENIUM\apache-maven-3.9.6"/>
    <property name="SESSIONNAME" value="Console"/>
    <property name="PATHEXT" value=".COM;.EXE;.BAT;.CMD;.VBS;.VBE;.JS;.JSE;.WSF;.WSH;.MSC"/>
    <property name="maven3.interceptor.common" value="C:\Users\Santosh Kumar Mohapa\.jenkins\plugins\maven-plugin\WEB-INF\lib\maven3-interceptor-commons-1.14.jar"/>
    <property name="CLASSPATH" value=""/>
    <property name="COMMANDER_HOME" value="C:\Program Files (x86)\TRICENTIS\Tosca Testsuite\ToscaCommander"/>
    <property name="jansi.mode" value="strip"/>
    <property name="PyCharm Community Edition" value="C:\Program Files\JetBrains\PyCharm Community Edition 2023.1.4\bin;"/>
    <property name="HOMEPATH" value="\Users\Santosh Kumar Mohapa"/>
    <property name="TRICENTIS_ALLUSERS_APPDATA" value="C:\ProgramData\TRICENTIS\Tosca Testsuite\7.0.0"/>
    <property name="os.name" value="Windows 11"/>
    <property name="java.specification.vendor" value="Oracle Corporation"/>
    <property name="BUILD_NUMBER" value="7"/>
    <property name="java.vm.name" value="Java HotSpot(TM) 64-Bit Server VM"/>
    <property name="maven3.interceptor" value="C:\Users\Santosh Kumar Mohapa\.jenkins\plugins\maven-plugin\WEB-INF\lib\maven35-interceptor-1.14.jar"/>
    <property name="java.library.path" value="C:\Program Files\Java\jdk-21\bin;C:\WINDOWS\Sun\Java\bin;C:\WINDOWS\system32;C:\WINDOWS;C:\Users\Santosh Kumar Mohapa\UKJobSearch\SELENIUM\apache-maven-3.9.6/bin;C:\Program Files\Java\jdk-21/bin;C:\Program Files\Java\jdk-21/bin;C:\Program Files\Common Files\Oracle\Java\javapath;C:\Program Files (x86)\Common Files\Oracle\Java\javapath;C:\Program Files (x86)\TRICENTIS\Tosca Testsuite\ToscaCommander;;C:\WINDOWS\system32;C:\WINDOWS;C:\WINDOWS\System32\Wbem;C:\WINDOWS\System32\WindowsPowerShell\v1.0\;C:\WINDOWS\System32\OpenSSH\;C:\Program Files\nodejs\;C:\Program Files\Git\cmd;C:\Program Files\Docker\Docker\resources\bin;C:\ProgramData\chocolatey\bin;C:\Concourse\;C:\Program Files\dotnet\;C:\Users\Santosh Kumar Mohapa\AppData\Local\Programs\Python\Python311\Scripts\;C:\Users\Santosh Kumar Mohapa\AppData\Local\Programs\Python\Python311\;C:\Users\Santosh Kumar Mohapa\AppData\Local\Programs\Python\Python310;C:\Users\Santosh Kumar Mohapa\AppData\Local\Programs\Microsoft VS Code\bin;C:\Users\Santosh Kumar Mohapa\AppData\Roaming\npm;C:\Concourse\;C:\Program Files\JetBrains\PyCharm Community Edition 2023.1.4\bin;;C:\Users\Santosh Kumar Mohapa\AppData\Local\Microsoft\WindowsApps;C:\terraform;C:\Users\Santosh Kumar Mohapa\UKJobSearch\SELENIUM\apache-maven-3.9.6\bin;C:\Program Files\Java\jdk-21\bin;;."/>
    <property name="HOMEDRIVE" value="C:"/>
    <property name="POM_GROUPID" value="HCLFramework"/>
    <property name="POM_ARTIFACTID" value="HCLFramework"/>
    <property name="java.class.version" value="65.0"/>
    <property name="JOB_URL" value="http://localhost:8080/job/SeleniumMavenSample/"/>
    <property name="platformcode" value="KV"/>
    <property name="OneDrive" value="C:\Users\Santosh Kumar Mohapa\OneDrive"/>
    <property name="RUN_DISPLAY_URL" value="http://localhost:8080/job/SeleniumMavenSample/7/display/redirect"/>
    <property name="JENKINS_HOME" value="C:\Users\Santosh Kumar Mohapa\.jenkins"/>
    <property name="TEMP" value="C:\Users\SANTOS~1\AppData\Local\Temp"/>
    <property name="BUILD_ID" value="7"/>
    <property name="sun.boot.library.path" value="C:\Program Files\Java\jdk-21\bin"/>
    <property name="sun.management.compiler" value="HotSpot 64-Bit Tiered Compilers"/>
    <property name="TRICENTIS_LICENSING_HOME" value="C:\Program Files (x86)\TRICENTIS\Tosca Testsuite\Licensing"/>
    <property name="user.variant" value=""/>
    <property name="PROCESSOR_REVISION" value="8c02"/>
    <property name="TRICENTIS_PROJECTS" value="C:\Tosca_Projects\"/>
    <property name="POM_VERSION" value="0.0.1-SNAPSHOT"/>
    <property name="HUDSON_HOME" value="C:\Users\Santosh Kumar Mohapa\.jenkins"/>
    <property name="ProgramFiles(x86)" value="C:\Program Files (x86)"/>
    <property name="PATH+MAVEN" value="C:\Users\Santosh Kumar Mohapa\UKJobSearch\SELENIUM\apache-maven-3.9.6/bin"/>
    <property name="IGCCSVC_DB" value="AQAAANCMnd8BFdERjHoAwE/Cl+sBAAAAClNFMYwpDU+QOvgwOZ7s7gQAAAACAAAAAAAQZgAAAAEAACAAAABZWUtHBvDXgBqlKs7v2T9hINU2qZ+QhiUXf4544DbvhgAAAAAOgAAAAAIAACAAAAAIH6sHl/Q8ZR2rZ8RqvSjFTH7jFsIxytdJCdTFmJBT2GAAAABhZDGvAM7FEMxv8lalqKEdeeI7CeGajlWFvdXTpU0/YZdJlrh7tPQeztkVqGevPEaGUW7spzCd2MEb234j0zu0HIxeYeFht/mnZUjHalxkZDj5Wd2TNtqHEf642h3557NAAAAAEgYOL0Y39fMFkjwaunJ/DupWVPJ8p7lcJWwOwOmauKacJpaSMDbm4rc+AIQSYYyWxXQLZ6k2WuLohfufLbvZ/Q=="/>
    <property name="USERDOMAIN_ROAMINGPROFILE" value="LAPTOP-G8GFJBLE"/>
    <property name="RUN_ARTIFACTS_DISPLAY_URL" value="http://localhost:8080/job/SeleniumMavenSample/7/display/redirect?page=artifacts"/>
    <property name="PROMPT" value="$P$G"/>
    <property name="java.vm.specification.version" value="21"/>
    <property name="JAVA_HOME" value="C:\Program Files\Java\jdk-21"/>
    <property name="NODE_LABELS" value="built-in"/>
    <property name="sun.cpu.isalist" value="amd64"/>
    <property name="USERPROFILE" value="C:\Users\Santosh Kumar Mohapa"/>
    <property name="TRICENTIS_HOME" value="C:\Program Files (x86)\TRICENTIS\Tosca Testsuite\Settings"/>
    <property name="java.vm.compressedOopsMode" value="32-bit"/>
    <property name="JOB_DISPLAY_URL" value="http://localhost:8080/job/SeleniumMavenSample/display/redirect"/>
    <property name="os.version" value="10.0"/>
    <property name="user.home" value="C:\Users\Santosh Kumar Mohapa"/>
    <property name="USERNAME" value="Santosh Kumar Mohapa"/>
    <property name="java.vm.vendor" value="Oracle Corporation"/>
    <property name="PROCESSOR_LEVEL" value="6"/>
    <property name="CommonProgramW6432" value="C:\Program Files\Common Files"/>
    <property name="user.dir" value="C:\Users\Santosh Kumar Mohapa\UKJobSearch\SELENIUM\Test1"/>
    <property name="maven.conf" value="C:\Users\Santosh Kumar Mohapa\UKJobSearch\SELENIUM\apache-maven-3.9.6\conf"/>
    <property name="ProgramW6432" value="C:\Program Files"/>
    <property name="TMP" value="C:\Users\SANTOS~1\AppData\Local\Temp"/>
    <property name="sun.cpu.endian" value="little"/>
    <property name="stdout.encoding" value="Cp1252"/>
    <property name="SystemDrive" value="C:"/>
    <property name="java.vm.version" value="21.0.1+12-LTS-29"/>
    <property name="java.class.path" value="C:\Users\Santosh Kumar Mohapa\.jenkins\plugins\maven-plugin\WEB-INF\lib\maven35-agent-1.14.jar;C:\Users\Santosh Kumar Mohapa\UKJobSearch\SELENIUM\apache-maven-3.9.6\boot\plexus-classworlds-2.7.0.jar;C:\Users\Santosh Kumar Mohapa\UKJobSearch\SELENIUM\apache-maven-3.9.6/conf/logging"/>
    <property name="org.slf4j.simpleLogger.defaultLogLevel" value="info"/>
    <property name="os.arch" value="amd64"/>
    <property name="RegionCode" value="APJ"/>
    <property name="WORKSPACE" value="C:\Users\Santosh Kumar Mohapa\.jenkins\workspace\SeleniumMavenSample"/>
    <property name="ComSpec" value="C:\WINDOWS\system32\cmd.exe"/>
    <property name="RUN_TESTS_DISPLAY_URL" value="http://localhost:8080/job/SeleniumMavenSample/7/display/redirect?page=tests"/>
    <property name="sun.java.launcher" value="SUN_STANDARD"/>
    <property name="SystemRoot" value="C:\WINDOWS"/>
    <property name="CommonProgramFiles" value="C:\Program Files\Common Files"/>
    <property name="java.vm.specification.vendor" value="Oracle Corporation"/>
    <property name="file.separator" value="\"/>
    <property name="ChocolateyInstall" value="C:\ProgramData\chocolatey"/>
    <property name="java.runtime.version" value="21.0.1+12-LTS-29"/>
    <property name="ProgramFiles" value="C:\Program Files"/>
    <property name="OnlineServices" value="Online Services"/>
    <property name="PATH+JDK" value="C:\Program Files\Java\jdk-21/bin"/>
    <property name="=ExitCode" value="C000013A"/>
    <property name="user.country" value="IN"/>
    <property name="POM_PACKAGING" value="jar"/>
    <property name="maven.home" value="C:\Users\Santosh Kumar Mohapa\UKJobSearch\SELENIUM\apache-maven-3.9.6"/>
    <property name="JOB_BASE_NAME" value="SeleniumMavenSample"/>
    <property name="java.vendor" value="Oracle Corporation"/>
    <property name="java.specification.version" value="21"/>
    <property name="POM_DISPLAYNAME" value="HCLFramework"/>
    <property name="sun.arch.data.model" value="64"/>
  </properties>
  <testcase name="test1" classname="tests.LoginTest" time="3.107"/>
</testsuite>