<?xml version="1.0" encoding="UTF-8"?>
<!-- Generated by org.testng.reporters.JUnitReportReporter -->
<testsuite skipped="0" hostname="LAPTOP-G8GFJBLE" name="tests.actionsEx" tests="1" failures="0" timestamp="18 Dec 2023 22:00:47 GMT" time="8.617" errors="0">
  <testcase name="test1" time="8.617" classname="tests.actionsEx"/>
</testsuite> <!-- tests.actionsEx -->
