<?xml version="1.0" encoding="UTF-8"?>
<!-- Generated by org.testng.reporters.JUnitReportReporter -->
<testsuite skipped="0" hostname="LAPTOP-G8GFJBLE" name="tests.AllLinks" tests="1" failures="0" timestamp="18 Dec 2023 22:01:09 GMT" time="7.368" errors="0">
  <testcase name="test1" time="7.368" classname="tests.AllLinks"/>
</testsuite> <!-- tests.AllLinks -->
