<?xml version="1.0" encoding="UTF-8"?>
<!-- Generated by org.testng.reporters.JUnitReportReporter -->
<testsuite skipped="0" hostname="LAPTOP-G8GFJBLE" name="LoginTest" tests="1" failures="0" timestamp="07 Dec 2023 18:13:32 GMT" time="3.257" errors="0">
  <testcase name="test1" time="3.257" classname="LoginTest"/>
</testsuite> <!-- LoginTest -->
