<?xml version="1.0" encoding="UTF-8"?>
<!-- Generated by org.testng.reporters.JUnitReportReporter -->
<testsuite skipped="0" hostname="LAPTOP-G8GFJBLE" name="tests.LoginTest" tests="1" failures="0" timestamp="20 Dec 2023 11:11:35 GMT" time="5.174" errors="0">
  <testcase name="test1" time="5.174" classname="tests.LoginTest"/>
</testsuite> <!-- tests.LoginTest -->
