<?xml version="1.0" encoding="UTF-8"?>
<!-- Generated by org.testng.reporters.JUnitReportReporter -->
<testsuite skipped="0" hostname="LAPTOP-G8GFJBLE" name="tests.Test2" tests="1" failures="0" timestamp="08 Dec 2023 08:54:51 GMT" time="5.417" errors="0">
  <testcase name="test1" time="5.417" classname="tests.Test2"/>
</testsuite> <!-- tests.Test2 -->
