<?xml version="1.0" encoding="UTF-8"?>
<!-- Generated by org.testng.reporters.JUnitReportReporter -->
<testsuite skipped="0" hostname="LAPTOP-G8GFJBLE" name="tests.LoginTest" tests="1" failures="0" timestamp="21 Dec 2023 12:01:21 GMT" time="9.054" errors="0">
  <testcase name="test1" time="9.054" classname="tests.LoginTest"/>
</testsuite> <!-- tests.LoginTest -->
