<?xml version="1.0" encoding="UTF-8"?>
<!-- Generated by org.testng.reporters.JUnitReportReporter -->
<testsuite skipped="0" hostname="LAPTOP-G8GFJBLE" name="tests.LoginTest" tests="1" failures="0" timestamp="22 Dec 2023 12:11:56 GMT" time="6.173" errors="0">
  <testcase name="test1" time="6.173" classname="tests.LoginTest"/>
</testsuite> <!-- tests.LoginTest -->
