<?xml version="1.0" encoding="UTF-8"?>
<!-- Generated by org.testng.reporters.JUnitReportReporter -->
<testsuite hostname="LAPTOP-G8GFJBLE" failures="0" tests="1" name="tests.LoginTest" time="3.107" errors="0" timestamp="20 Dec 2023 13:01:47 GMT" skipped="0">
  <testcase classname="tests.LoginTest" name="test1" time="3.107"/>
</testsuite> <!-- tests.LoginTest -->
